Oct 15, 2013 11:22:35 AM com.nanosl.lib.log.Loggings logError
WARNING: 
 There is an error!!
net.sf.jasperreports.engine.JRException: java.io.FileNotFoundException: src\rpt\invoice1.jrxml (The system cannot find the path specified)
	at net.sf.jasperreports.engine.xml.JRXmlLoader.load(JRXmlLoader.java:176)
	at net.sf.jasperreports.engine.xml.JRXmlLoader.load(JRXmlLoader.java:156)
	at net.sf.jasperreports.engine.JasperCompileManager.compile(JasperCompileManager.java:171)
	at net.sf.jasperreports.engine.JasperCompileManager.compileReport(JasperCompileManager.java:448)
	at com.nanosl.nbiz.util.Printer$1.run(Printer.java:32)
	at java.awt.event.InvocationEvent.dispatch(InvocationEvent.java:251)
	at java.awt.EventQueue.dispatchEventImpl(EventQueue.java:727)
	at java.awt.EventQueue.access$200(EventQueue.java:103)
	at java.awt.EventQueue$3.run(EventQueue.java:688)
	at java.awt.EventQueue$3.run(EventQueue.java:686)
	at java.security.AccessController.doPrivileged(Native Method)
	at java.security.ProtectionDomain$1.doIntersectionPrivilege(ProtectionDomain.java:76)
	at java.awt.EventQueue.dispatchEvent(EventQueue.java:697)
	at org.netbeans.core.TimableEventQueue.dispatchEvent(TimableEventQueue.java:159)
	at java.awt.EventDispatchThread.pumpOneEventForFilters(EventDispatchThread.java:242)
	at java.awt.EventDispatchThread.pumpEventsForFilter(EventDispatchThread.java:161)
	at java.awt.EventDispatchThread.pumpEventsForHierarchy(EventDispatchThread.java:150)
	at java.awt.EventDispatchThread.pumpEvents(EventDispatchThread.java:146)
	at java.awt.EventDispatchThread.pumpEvents(EventDispatchThread.java:138)
	at java.awt.EventDispatchThread.run(EventDispatchThread.java:91)
Caused by: java.io.FileNotFoundException: src\rpt\invoice1.jrxml (The system cannot find the path specified)
	at java.io.FileInputStream.open(Native Method)
	at java.io.FileInputStream.<init>(FileInputStream.java:138)
	at net.sf.jasperreports.engine.xml.JRXmlLoader.load(JRXmlLoader.java:171)
	... 19 more

