#
# A fatal error has been detected by the Java Runtime Environment:
#
#  EXCEPTION_ACCESS_VIOLATION (0xc0000005) at pc=0x0000000062ffc260, pid=4692, tid=5968
#
# JRE version: Java(TM) SE Runtime Environment (8.0_40-b26) (build 1.8.0_40-b26)
# Java VM: Java HotSpot(TM) 64-Bit Server VM (25.40-b25 mixed mode windows-amd64 compressed oops)
# Problematic frame:
# C  [MSVCR100.dll+0x3c260]
#
# Failed to write core dump. Minidumps are not enabled by default on client versions of Windows
#
# If you would like to submit a bug report, please visit:
#   http://bugreport.java.com/bugreport/crash.jsp
#

---------------  T H R E A D  ---------------

Current thread (0x000000001de70800):  JavaThread "System clipboard synchronizer" daemon [_thread_in_vm, id=5968, stack(0x000000001bcc0000,0x000000001bec0000)]

siginfo: ExceptionCode=0xc0000005, reading address 0x00000000003ffff8

Registers:
RAX=0x0000000000000020, RBX=0x000000001de70800, RCX=0x00000000dbc4fdd8, RDX=0xffffffff247b0218
RSP=0x000000001bebf3e8, RBP=0x00000000239e0730, RSI=0x0000000000000000, RDI=0x0000000000400834
R8 =0x0000000000400830, R9 =0x0000ffff00000004, R10=0x0000000300905a4d, R11=0x00000000db84fde8
R12=0x0000000000000008, R13=0x0000000000000000, R14=0x0000000000400834, R15=0x000000001de70800
RIP=0x0000000062ffc260, EFLAGS=0x0000000000010206

Top of Stack: (sp=0x000000001bebf3e8)
0x000000001bebf3e8:   0000000062409e71 000000001de709f8
0x000000001bebf3f8:   00000000623eee5d 0000000000400834
0x000000001bebf408:   00007ffe1020d9ae 000000001bebf528
0x000000001bebf418:   00000000295bb040 000000001de70800
0x000000001bebf428:   0000000000000000 0000000000400834
0x000000001bebf438:   0000000031e1a42e 00000000239e0730
0x000000001bebf448:   000000006210a887 000000001de709f8
0x000000001bebf458:   000000001bebf528 00000000295bb040
0x000000001bebf468:   0000000002b8f7b4 0000000000000000
0x000000001bebf478:   00000000169665a8 00000000db8073d0
0x000000001bebf488:   fffffffffffffffe 000000001bebf558
0x000000001bebf498:   0000000026510b10 0000000000000000
0x000000001bebf4a8:   00000000022c5e34 0000000026510b18
0x000000001bebf4b8:   0000000031e1a42e 000000000000012a
0x000000001bebf4c8:   00000000295bb040 0000000083a8ecb0
0x000000001bebf4d8:   00000000025dba84 00000000811ab2d8 

Instructions: (pc=0x0000000062ffc260)
0x0000000062ffc240:   c3 49 e8 4c 0f c3 51 e0 4c 8b 4c 0a d8 4c 8b 54
0x0000000062ffc250:   0a d0 48 83 e9 40 4c 0f c3 49 18 4c 0f c3 51 10
0x0000000062ffc260:   4c 8b 4c 0a 08 4c 8b 14 0a ff c8 4c 0f c3 49 08
0x0000000062ffc270:   4c 0f c3 11 75 aa 49 81 e8 00 10 00 00 49 81 f8 


Register to memory mapping:

RAX=0x0000000000000020 is an unknown value
RBX=0x000000001de70800 is a thread
RCX=0x00000000dbc4fdd8 is an oop

[error occurred during error reporting (printing register info), id 0xc0000005]

Stack: [0x000000001bcc0000,0x000000001bec0000],  sp=0x000000001bebf3e8,  free space=2044k
Native frames: (J=compiled Java code, j=interpreted, Vv=VM code, C=native code)
C  [MSVCR100.dll+0x3c260]
V  [jvm.dll+0x159e71]
C  [awt.dll+0x8a887]
C  0x00000000022c5e34

Java frames: (J=compiled Java code, j=interpreted, Vv=VM code)
j  sun.awt.windows.WClipboard.getClipboardData(J)[B+0
j  sun.awt.datatransfer.ClipboardTransferable.fetchOneFlavor(Lsun/awt/datatransfer/SunClipboard;Ljava/awt/datatransfer/DataFlavor;Ljava/lang/Long;Ljava/util/HashMap;)Z+32
j  sun.awt.datatransfer.ClipboardTransferable.<init>(Lsun/awt/datatransfer/SunClipboard;)V+122
j  sun.awt.datatransfer.SunClipboard.getContents(Ljava/lang/Object;)Ljava/awt/datatransfer/Transferable;+17
j  org.netbeans.NbClipboard$GetContents.run()V+16
j  org.openide.util.RequestProcessor$Task.run()V+51
j  org.openide.util.RequestProcessor$Processor.run()V+247
v  ~StubRoutines::call_stub

---------------  P R O C E S S  ---------------

Java Threads: ( => current thread )
  0x000000001f68e000 JavaThread "SwingWorker-pool-2-thread-10" daemon [_thread_blocked, id=5744, stack(0x0000000025d00000,0x0000000025f00000)]
  0x000000001f688000 JavaThread "SwingWorker-pool-2-thread-9" daemon [_thread_blocked, id=348, stack(0x000000001b980000,0x000000001bb80000)]
  0x000000001f68a800 JavaThread "SwingWorker-pool-2-thread-8" daemon [_thread_blocked, id=5392, stack(0x0000000001f90000,0x0000000002190000)]
  0x000000001f689800 JavaThread "SwingWorker-pool-2-thread-7" daemon [_thread_blocked, id=2392, stack(0x0000000028fa0000,0x00000000291a0000)]
  0x000000001f689000 JavaThread "SwingWorker-pool-2-thread-6" daemon [_thread_blocked, id=4608, stack(0x00000000281a0000,0x00000000283a0000)]
=>0x000000001de70800 JavaThread "System clipboard synchronizer" daemon [_thread_in_vm, id=5968, stack(0x000000001bcc0000,0x000000001bec0000)]
  0x000000001de73800 JavaThread "SwingWorker-pool-2-thread-5" daemon [_thread_blocked, id=3212, stack(0x00000000287a0000,0x00000000289a0000)]
  0x000000001de76800 JavaThread "SwingWorker-pool-2-thread-4" daemon [_thread_blocked, id=5936, stack(0x00000000285a0000,0x00000000287a0000)]
  0x000000001de71800 JavaThread "SwingWorker-pool-2-thread-3" daemon [_thread_blocked, id=5940, stack(0x00000000283a0000,0x00000000285a0000)]
  0x000000001de74800 JavaThread "SwingWorker-pool-2-thread-2" daemon [_thread_blocked, id=5300, stack(0x00000000269d0000,0x0000000026bd0000)]
  0x000000001de72000 JavaThread "SwingWorker-pool-2-thread-1" daemon [_thread_blocked, id=3608, stack(0x0000000026dd0000,0x0000000026fd0000)]
  0x00000000180ac800 JavaThread "TimerQueue" daemon [_thread_blocked, id=2080, stack(0x0000000025a00000,0x0000000025c00000)]
  0x00000000180ac000 JavaThread "Thread-3" daemon [_thread_blocked, id=5984, stack(0x0000000025800000,0x0000000025a00000)]
  0x00000000180af000 JavaThread "AWT-EventQueue-0" [_thread_blocked, id=5844, stack(0x0000000025400000,0x0000000025600000)]
  0x00000000180aa800 JavaThread "AWT-Shutdown" [_thread_blocked, id=4620, stack(0x0000000025200000,0x0000000025400000)]
  0x00000000180ab000 JavaThread "File Watcher" daemon [_thread_blocked, id=2704, stack(0x0000000021a90000,0x0000000021c90000)]
  0x00000000180ad800 JavaThread "Timer-0" [_thread_blocked, id=1732, stack(0x000000001eb30000,0x000000001ed30000)]
  0x000000001a11e000 JavaThread "AWT-Windows" daemon [_thread_in_native, id=5132, stack(0x000000001b780000,0x000000001b980000)]
  0x000000001a11c000 JavaThread "Java2D Disposer" daemon [_thread_blocked, id=5660, stack(0x000000001b180000,0x000000001b380000)]
  0x0000000019ead800 JavaThread "RequestProcessor queue manager" daemon [_thread_blocked, id=3188, stack(0x000000001af80000,0x000000001b180000)]
  0x0000000019e62800 JavaThread "CLI Requests Server" daemon [_thread_in_native, id=3868, stack(0x000000001a790000,0x000000001a990000)]
  0x0000000019e47800 JavaThread "Active Reference Queue Daemon" daemon [_thread_blocked, id=2744, stack(0x000000001a590000,0x000000001a790000)]
  0x0000000017e2d800 JavaThread "Service Thread" daemon [_thread_blocked, id=1840, stack(0x0000000019990000,0x0000000019b90000)]
  0x0000000017e25800 JavaThread "C1 CompilerThread2" daemon [_thread_blocked, id=5180, stack(0x0000000019790000,0x0000000019990000)]
  0x0000000017e1f800 JavaThread "C2 CompilerThread1" daemon [_thread_blocked, id=5920, stack(0x0000000019590000,0x0000000019790000)]
  0x0000000017dc6000 JavaThread "C2 CompilerThread0" daemon [_thread_blocked, id=5712, stack(0x0000000019390000,0x0000000019590000)]
  0x0000000017dc5000 JavaThread "Attach Listener" daemon [_thread_blocked, id=5784, stack(0x0000000019190000,0x0000000019390000)]
  0x0000000017dc3000 JavaThread "Signal Dispatcher" daemon [_thread_blocked, id=4696, stack(0x0000000018f90000,0x0000000019190000)]
  0x0000000001f84800 JavaThread "Finalizer" daemon [_thread_blocked, id=4152, stack(0x0000000018d90000,0x0000000018f90000)]
  0x0000000001f7c800 JavaThread "Reference Handler" daemon [_thread_blocked, id=4584, stack(0x0000000018b90000,0x0000000018d90000)]
  0x00000000004cc000 JavaThread "main" [_thread_blocked, id=2880, stack(0x0000000000040000,0x0000000000240000)]

Other Threads:
  0x0000000017d92000 VMThread [stack: 0x0000000018990000,0x0000000018b90000] [id=5760]
  0x0000000017e2f000 WatcherThread [stack: 0x0000000019b90000,0x0000000019d90000] [id=1108]

VM state:not at safepoint (normal execution)

VM Mutex/Monitor currently owned by a thread: None

Heap:
 PSYoungGen      total 356352K, used 163534K [0x00000000d5b00000, 0x00000000f0d80000, 0x0000000100000000)
  eden space 287744K, 34% used [0x00000000d5b00000,0x00000000dbc50620,0x00000000e7400000)
  from space 68608K, 93% used [0x00000000ebf80000,0x00000000efde32f0,0x00000000f0280000)
  to   space 77312K, 0% used [0x00000000e7400000,0x00000000e7400000,0x00000000ebf80000)
 ParOldGen       total 338944K, used 186167K [0x0000000081000000, 0x0000000095b00000, 0x00000000d5b00000)
  object space 338944K, 54% used [0x0000000081000000,0x000000008c5cdd20,0x0000000095b00000)
 Metaspace       used 51064K, capacity 53522K, committed 53632K, reserved 1095680K
  class space    used 6192K, capacity 6985K, committed 7040K, reserved 1048576K

Card table byte_map: [0x0000000011670000,0x0000000011a70000] byte_map_base: 0x0000000011268000

Marking Bits: (ParMarkBitMap*) 0x0000000062ab4040
 Begin Bits: [0x0000000012520000, 0x00000000144e0000)
 End Bits:   [0x00000000144e0000, 0x00000000164a0000)

Polling page: 0x00000000003a0000

CodeCache: size=245760Kb used=23477Kb max_used=23477Kb free=222282Kb
 bounds [0x00000000022b0000, 0x00000000039e0000, 0x00000000112b0000]
 total_blobs=7881 nmethods=7193 adapters=596
 compilation: enabled

Compilation events (10 events):
Event: 149.669 Thread 0x0000000017e25800 9065       3       com.sun.java.swing.plaf.windows.XPStyle::getThemeTransitionDuration (38 bytes)
Event: 149.670 Thread 0x0000000017e25800 nmethod 9065 0x0000000002962290 code [0x0000000002962420, 0x0000000002962898]
Event: 149.670 Thread 0x0000000017e25800 9066  s    3       com.sun.java.swing.plaf.windows.AnimationController::startAnimation (140 bytes)
Event: 149.672 Thread 0x0000000017e25800 nmethod 9066 0x00000000034ce450 code [0x00000000034ce700, 0x00000000034cfa98]
Event: 149.674 Thread 0x0000000017e25800 9067       3       java.awt.Component::isFocusTraversable (17 bytes)
Event: 149.674 Thread 0x0000000017e25800 nmethod 9067 0x000000000254fdd0 code [0x000000000254ff20, 0x00000000025500b0]
Event: 149.674 Thread 0x0000000017e25800 9068       3       sun.util.locale.LocaleUtils::isAlphaString (33 bytes)
Event: 149.675 Thread 0x0000000017e25800 nmethod 9068 0x000000000398efd0 code [0x000000000398f180, 0x000000000398f848]
Event: 149.675 Thread 0x0000000017e25800 9069       3       sun.util.locale.StringTokenIterator::nextDelimiter (116 bytes)
Event: 149.676 Thread 0x0000000017e25800 nmethod 9069 0x000000000373cd90 code [0x000000000373cfa0, 0x000000000373dc88]

GC Heap History (10 events):
Event: 34.841 GC heap before
{Heap before GC invocations=16 (full 3):
 PSYoungGen      total 242688K, used 198285K [0x00000000d5b00000, 0x00000000e9a80000, 0x0000000100000000)
  eden space 172544K, 100% used [0x00000000d5b00000,0x00000000e0380000,0x00000000e0380000)
  from space 70144K, 36% used [0x00000000e5600000,0x00000000e6f23740,0x00000000e9a80000)
  to   space 77312K, 0% used [0x00000000e0380000,0x00000000e0380000,0x00000000e4f00000)
 ParOldGen       total 238080K, used 169346K [0x0000000081000000, 0x000000008f880000, 0x00000000d5b00000)
  object space 238080K, 71% used [0x0000000081000000,0x000000008b560820,0x000000008f880000)
 Metaspace       used 49846K, capacity 52288K, committed 52608K, reserved 1095680K
  class space    used 6110K, capacity 6918K, committed 7040K, reserved 1048576K
Event: 34.938 GC heap after
Heap after GC invocations=16 (full 3):
 PSYoungGen      total 249856K, used 37240K [0x00000000d5b00000, 0x00000000ed300000, 0x0000000100000000)
  eden space 172544K, 0% used [0x00000000d5b00000,0x00000000d5b00000,0x00000000e0380000)
  from space 77312K, 48% used [0x00000000e0380000,0x00000000e27de118,0x00000000e4f00000)
  to   space 75264K, 0% used [0x00000000e8980000,0x00000000e8980000,0x00000000ed300000)
 ParOldGen       total 238080K, used 193809K [0x0000000081000000, 0x000000008f880000, 0x00000000d5b00000)
  object space 238080K, 81% used [0x0000000081000000,0x000000008cd44578,0x000000008f880000)
 Metaspace       used 49846K, capacity 52288K, committed 52608K, reserved 1095680K
  class space    used 6110K, capacity 6918K, committed 7040K, reserved 1048576K
}
Event: 37.557 GC heap before
{Heap before GC invocations=17 (full 3):
 PSYoungGen      total 249856K, used 209784K [0x00000000d5b00000, 0x00000000ed300000, 0x0000000100000000)
  eden space 172544K, 100% used [0x00000000d5b00000,0x00000000e0380000,0x00000000e0380000)
  from space 77312K, 48% used [0x00000000e0380000,0x00000000e27de118,0x00000000e4f00000)
  to   space 75264K, 0% used [0x00000000e8980000,0x00000000e8980000,0x00000000ed300000)
 ParOldGen       total 238080K, used 193809K [0x0000000081000000, 0x000000008f880000, 0x00000000d5b00000)
  object space 238080K, 81% used [0x0000000081000000,0x000000008cd44578,0x000000008f880000)
 Metaspace       used 49866K, capacity 52288K, committed 52608K, reserved 1095680K
  class space    used 6110K, capacity 6918K, committed 7040K, reserved 1048576K
Event: 37.658 GC heap after
Heap after GC invocations=17 (full 3):
 PSYoungGen      total 298496K, used 26265K [0x00000000d5b00000, 0x00000000eca00000, 0x0000000100000000)
  eden space 232448K, 0% used [0x00000000d5b00000,0x00000000d5b00000,0x00000000e3e00000)
  from space 66048K, 39% used [0x00000000e8980000,0x00000000ea326770,0x00000000eca00000)
  to   space 71680K, 0% used [0x00000000e3e00000,0x00000000e3e00000,0x00000000e8400000)
 ParOldGen       total 238080K, used 228044K [0x0000000081000000, 0x000000008f880000, 0x00000000d5b00000)
  object space 238080K, 95% used [0x0000000081000000,0x000000008eeb3138,0x000000008f880000)
 Metaspace       used 49866K, capacity 52288K, committed 52608K, reserved 1095680K
  class space    used 6110K, capacity 6918K, committed 7040K, reserved 1048576K
}
Event: 37.658 GC heap before
{Heap before GC invocations=18 (full 4):
 PSYoungGen      total 298496K, used 26265K [0x00000000d5b00000, 0x00000000eca00000, 0x0000000100000000)
  eden space 232448K, 0% used [0x00000000d5b00000,0x00000000d5b00000,0x00000000e3e00000)
  from space 66048K, 39% used [0x00000000e8980000,0x00000000ea326770,0x00000000eca00000)
  to   space 71680K, 0% used [0x00000000e3e00000,0x00000000e3e00000,0x00000000e8400000)
 ParOldGen       total 238080K, used 228044K [0x0000000081000000, 0x000000008f880000, 0x00000000d5b00000)
  object space 238080K, 95% used [0x0000000081000000,0x000000008eeb3138,0x000000008f880000)
 Metaspace       used 49866K, capacity 52288K, committed 52608K, reserved 1095680K
  class space    used 6110K, capacity 6918K, committed 7040K, reserved 1048576K
Event: 38.452 GC heap after
Heap after GC invocations=18 (full 4):
 PSYoungGen      total 298496K, used 0K [0x00000000d5b00000, 0x00000000eca00000, 0x0000000100000000)
  eden space 232448K, 0% used [0x00000000d5b00000,0x00000000d5b00000,0x00000000e3e00000)
  from space 66048K, 0% used [0x00000000e8980000,0x00000000e8980000,0x00000000eca00000)
  to   space 71680K, 0% used [0x00000000e3e00000,0x00000000e3e00000,0x00000000e8400000)
 ParOldGen       total 338944K, used 186151K [0x0000000081000000, 0x0000000095b00000, 0x00000000d5b00000)
  object space 338944K, 54% used [0x0000000081000000,0x000000008c5c9d20,0x0000000095b00000)
 Metaspace       used 49866K, capacity 52288K, committed 52608K, reserved 1095680K
  class space    used 6110K, capacity 6918K, committed 7040K, reserved 1048576K
}
Event: 87.570 GC heap before
{Heap before GC invocations=19 (full 4):
 PSYoungGen      total 298496K, used 232448K [0x00000000d5b00000, 0x00000000eca00000, 0x0000000100000000)
  eden space 232448K, 100% used [0x00000000d5b00000,0x00000000e3e00000,0x00000000e3e00000)
  from space 66048K, 0% used [0x00000000e8980000,0x00000000e8980000,0x00000000eca00000)
  to   space 71680K, 0% used [0x00000000e3e00000,0x00000000e3e00000,0x00000000e8400000)
 ParOldGen       total 338944K, used 186151K [0x0000000081000000, 0x0000000095b00000, 0x00000000d5b00000)
  object space 338944K, 54% used [0x0000000081000000,0x000000008c5c9d20,0x0000000095b00000)
 Metaspace       used 50456K, capacity 52844K, committed 53120K, reserved 1095680K
  class space    used 6153K, capacity 6952K, committed 7040K, reserved 1048576K
Event: 87.611 GC heap after
Heap after GC invocations=19 (full 4):
 PSYoungGen      total 304128K, used 33781K [0x00000000d5b00000, 0x00000000f0280000, 0x0000000100000000)
  eden space 232448K, 0% used [0x00000000d5b00000,0x00000000d5b00000,0x00000000e3e00000)
  from space 71680K, 47% used [0x00000000e3e00000,0x00000000e5efd5a0,0x00000000e8400000)
  to   space 68608K, 0% used [0x00000000ebf80000,0x00000000ebf80000,0x00000000f0280000)
 ParOldGen       total 338944K, used 186159K [0x0000000081000000, 0x0000000095b00000, 0x00000000d5b00000)
  object space 338944K, 54% used [0x0000000081000000,0x000000008c5cbd20,0x0000000095b00000)
 Metaspace       used 50456K, capacity 52844K, committed 53120K, reserved 1095680K
  class space    used 6153K, capacity 6952K, committed 7040K, reserved 1048576K
}
Event: 94.987 GC heap before
{Heap before GC invocations=20 (full 4):
 PSYoungGen      total 304128K, used 266229K [0x00000000d5b00000, 0x00000000f0280000, 0x0000000100000000)
  eden space 232448K, 100% used [0x00000000d5b00000,0x00000000e3e00000,0x00000000e3e00000)
  from space 71680K, 47% used [0x00000000e3e00000,0x00000000e5efd5a0,0x00000000e8400000)
  to   space 68608K, 0% used [0x00000000ebf80000,0x00000000ebf80000,0x00000000f0280000)
 ParOldGen       total 338944K, used 186159K [0x0000000081000000, 0x0000000095b00000, 0x00000000d5b00000)
  object space 338944K, 54% used [0x0000000081000000,0x000000008c5cbd20,0x0000000095b00000)
 Metaspace       used 50661K, capacity 53138K, committed 53376K, reserved 1095680K
  class space    used 6180K, capacity 6985K, committed 7040K, reserved 1048576K
Event: 95.076 GC heap after
Heap after GC invocations=20 (full 4):
 PSYoungGen      total 356352K, used 63884K [0x00000000d5b00000, 0x00000000f0d80000, 0x0000000100000000)
  eden space 287744K, 0% used [0x00000000d5b00000,0x00000000d5b00000,0x00000000e7400000)
  from space 68608K, 93% used [0x00000000ebf80000,0x00000000efde32f0,0x00000000f0280000)
  to   space 77312K, 0% used [0x00000000e7400000,0x00000000e7400000,0x00000000ebf80000)
 ParOldGen       total 338944K, used 186167K [0x0000000081000000, 0x0000000095b00000, 0x00000000d5b00000)
  object space 338944K, 54% used [0x0000000081000000,0x000000008c5cdd20,0x0000000095b00000)
 Metaspace       used 50661K, capacity 53138K, committed 53376K, reserved 1095680K
  class space    used 6180K, capacity 6985K, committed 7040K, reserved 1048576K
}

Deoptimization events (10 events):
Event: 103.702 Thread 0x00000000180af000 Uncommon trap: reason=unstable_if action=reinterpret pc=0x00000000030f92d4 method=java.awt.Container.isParentOf(Ljava/awt/Component;)Z @ 13
Event: 103.703 Thread 0x00000000180af000 Uncommon trap: reason=unstable_if action=reinterpret pc=0x00000000030f92d4 method=java.awt.Container.isParentOf(Ljava/awt/Component;)Z @ 13
Event: 103.703 Thread 0x00000000180af000 Uncommon trap: reason=unstable_if action=reinterpret pc=0x00000000030f92d4 method=java.awt.Container.isParentOf(Ljava/awt/Component;)Z @ 13
Event: 103.703 Thread 0x00000000180af000 Uncommon trap: reason=unstable_if action=reinterpret pc=0x00000000030f92d4 method=java.awt.Container.isParentOf(Ljava/awt/Component;)Z @ 13
Event: 103.703 Thread 0x00000000180af000 Uncommon trap: reason=unstable_if action=reinterpret pc=0x00000000030f92d4 method=java.awt.Container.isParentOf(Ljava/awt/Component;)Z @ 13
Event: 103.703 Thread 0x00000000180af000 Uncommon trap: reason=unstable_if action=reinterpret pc=0x00000000030f92d4 method=java.awt.Container.isParentOf(Ljava/awt/Component;)Z @ 13
Event: 104.462 Thread 0x00000000180af000 Uncommon trap: reason=speculate_class_check action=maybe_recompile pc=0x0000000002ca19d8 method=com.sun.java.swing.plaf.windows.DesktopProperty.createValue(Ljavax/swing/UIDefaults;)Ljava/lang/Object; @ 13
Event: 104.463 Thread 0x00000000180af000 Uncommon trap: reason=unstable_if action=reinterpret pc=0x00000000037ac0dc method=sun.font.CMap$CMapFormat4.getGlyph(I)C @ 67
Event: 111.872 Thread 0x00000000180af000 Uncommon trap: reason=unstable_if action=reinterpret pc=0x00000000032b8d3c method=java.awt.Component.updateGraphicsData(Ljava/awt/GraphicsConfiguration;)Z @ 25
Event: 115.253 Thread 0x00000000180af000 Uncommon trap: reason=unstable_if action=reinterpret pc=0x00000000039754b8 method=sun.awt.im.InputContext.removeNotify(Ljava/awt/Component;)V @ 38

Internal exceptions (10 events):
Event: 93.102 Thread 0x00000000180af000 Implicit null exception at 0x000000000380cc84 to 0x000000000380d461
Event: 93.113 Thread 0x00000000180af000 Implicit null exception at 0x0000000002a8b69a to 0x0000000002a8b86d
Event: 95.938 Thread 0x00000000180af000 Implicit null exception at 0x000000000393eeae to 0x0000000003944181
Event: 101.586 Thread 0x00000000180af000 Exception <a 'java/lang/NoSuchMethodError': entity.Item.getDisable()Ljava/lang/Integer;> (0x00000000d7b5a5c8) thrown at [D:\re\workspace\8-2-build-windows-amd64-cygwin\jdk8u40\3098\hotspot\src\share\vm\interpreter\linkResolver.cpp, line 582]
Event: 101.586 Thread 0x00000000180af000 Exception <a 'java/lang/NoSuchMethodError'> (0x00000000d7b5a5c8) thrown at [D:\re\workspace\8-2-build-windows-amd64-cygwin\jdk8u40\3098\hotspot\src\share\vm\prims\jvm.cpp, line 1386]
Event: 101.586 Thread 0x00000000180af000 Exception <a 'java/lang/NoSuchMethodError'> (0x00000000d7b5a5c8) thrown at [D:\re\workspace\8-2-build-windows-amd64-cygwin\jdk8u40\3098\hotspot\src\share\vm\prims\jvm.cpp, line 1386]
Event: 101.590 Thread 0x00000000180af000 Implicit null exception at 0x0000000003622655 to 0x00000000036228cd
Event: 111.832 Thread 0x00000000180af000 Exception <a 'java/lang/NoSuchMethodError': entity.Item.getDisable()Ljava/lang/Integer;> (0x00000000d855ef28) thrown at [D:\re\workspace\8-2-build-windows-amd64-cygwin\jdk8u40\3098\hotspot\src\share\vm\interpreter\linkResolver.cpp, line 582]
Event: 111.832 Thread 0x00000000180af000 Exception <a 'java/lang/NoSuchMethodError'> (0x00000000d855ef28) thrown at [D:\re\workspace\8-2-build-windows-amd64-cygwin\jdk8u40\3098\hotspot\src\share\vm\prims\jvm.cpp, line 1386]
Event: 111.832 Thread 0x00000000180af000 Exception <a 'java/lang/NoSuchMethodError'> (0x00000000d855ef28) thrown at [D:\re\workspace\8-2-build-windows-amd64-cygwin\jdk8u40\3098\hotspot\src\share\vm\prims\jvm.cpp, line 1386]

Events (10 events):
Event: 126.959 Thread 0x0000000017e25800 flushing nmethod 0x00000000037a0ad0
Event: 126.960 Thread 0x0000000017e25800 flushing nmethod 0x00000000038284d0
Event: 139.213 Executing VM operation: RevokeBias
Event: 139.214 Executing VM operation: RevokeBias done
Event: 139.262 Executing VM operation: RevokeBias
Event: 139.262 Executing VM operation: RevokeBias done
Event: 139.262 Executing VM operation: RevokeBias
Event: 139.262 Executing VM operation: RevokeBias done
Event: 139.563 Executing VM operation: RevokeBias
Event: 139.564 Executing VM operation: RevokeBias done


Dynamic libraries:
0x0000000000400000 - 0x000000000043a000 	C:\Program Files\NetBeans 8.0.2\platform\lib\nbexec64.exe
0x00007ffe124e0000 - 0x00007ffe1268c000 	C:\Windows\SYSTEM32\ntdll.dll
0x00007ffe10140000 - 0x00007ffe1027e000 	C:\Windows\system32\KERNEL32.DLL
0x00007ffe0f9a0000 - 0x00007ffe0fab5000 	C:\Windows\system32\KERNELBASE.dll
0x00007ffe0ff30000 - 0x00007ffe0ffda000 	C:\Windows\system32\ADVAPI32.dll
0x00007ffe10ba0000 - 0x00007ffe10c4a000 	C:\Windows\system32\msvcrt.dll
0x00007ffe0fd90000 - 0x00007ffe0ff07000 	C:\Windows\system32\USER32.dll
0x00007ffe10420000 - 0x00007ffe10479000 	C:\Windows\SYSTEM32\sechost.dll
0x00007ffe0fc30000 - 0x00007ffe0fd71000 	C:\Windows\system32\RPCRT4.dll
0x00007ffe10df0000 - 0x00007ffe10f40000 	C:\Windows\system32\GDI32.dll
0x00007ffe10b60000 - 0x00007ffe10b96000 	C:\Windows\system32\IMM32.DLL
0x00007ffe0ffe0000 - 0x00007ffe10132000 	C:\Windows\system32\MSCTF.dll
0x00000000630a0000 - 0x00000000631f4000 	C:\Program Files\NetBeans 8.0.2\platform\lib\nbexec64.dll
0x00000000622b0000 - 0x0000000062b33000 	C:\Program Files\Java\jdk1.8.0_40\jre\bin\server\jvm.dll
0x00007ffe0b750000 - 0x00007ffe0b759000 	C:\Windows\SYSTEM32\WSOCK32.dll
0x00007ffe0ad60000 - 0x00007ffe0ad82000 	C:\Windows\SYSTEM32\WINMM.dll
0x00007ffe07920000 - 0x00007ffe0792a000 	C:\Windows\SYSTEM32\VERSION.dll
0x00007ffe10350000 - 0x00007ffe10357000 	C:\Windows\system32\PSAPI.DLL
0x0000000062fc0000 - 0x0000000063092000 	C:\Program Files\Java\jdk1.8.0_40\jre\bin\MSVCR100.dll
0x00007ffe102f0000 - 0x00007ffe1034a000 	C:\Windows\system32\WS2_32.dll
0x00007ffe0a7f0000 - 0x00007ffe0a81a000 	C:\Windows\SYSTEM32\WINMMBASE.dll
0x00007ffe10f40000 - 0x00007ffe10f49000 	C:\Windows\system32\NSI.dll
0x00007ffe0fb20000 - 0x00007ffe0fb6f000 	C:\Windows\SYSTEM32\cfgmgr32.dll
0x00007ffe0e440000 - 0x00007ffe0e468000 	C:\Windows\SYSTEM32\DEVOBJ.dll
0x0000000062f80000 - 0x0000000062fc0000 	C:\Program Files\Java\jdk1.8.0_40\jre\bin\splashscreen.dll
0x0000000062f70000 - 0x0000000062f7f000 	C:\Program Files\Java\jdk1.8.0_40\jre\bin\verify.dll
0x00007ffe0e300000 - 0x00007ffe0e429000 	C:\Windows\system32\uxtheme.dll
0x00007ffe10790000 - 0x00007ffe109a1000 	C:\Windows\SYSTEM32\combase.dll
0x0000000062280000 - 0x00000000622a9000 	C:\Program Files\Java\jdk1.8.0_40\jre\bin\java.dll
0x0000000062260000 - 0x0000000062276000 	C:\Program Files\Java\jdk1.8.0_40\jre\bin\zip.dll
0x00007ffe10c50000 - 0x00007ffe10de4000 	C:\Windows\system32\ole32.dll
0x00007ffe0e430000 - 0x00007ffe0e43b000 	C:\Windows\SYSTEM32\kernel.appcore.dll
0x00007ffe0f580000 - 0x00007ffe0f58b000 	C:\Windows\SYSTEM32\CRYPTBASE.dll
0x00007ffe0f510000 - 0x00007ffe0f573000 	C:\Windows\SYSTEM32\bcryptPrimitives.dll
0x00007ffe10fc0000 - 0x00007ffe124d9000 	C:\Windows\system32\SHELL32.dll
0x00007ffe10730000 - 0x00007ffe10784000 	C:\Windows\system32\SHLWAPI.dll
0x00007ffe0da00000 - 0x00007ffe0dab2000 	C:\Windows\SYSTEM32\SHCORE.dll
0x00007ffe0f640000 - 0x00007ffe0f655000 	C:\Windows\SYSTEM32\profapi.dll
0x0000000062240000 - 0x000000006225a000 	C:\Program Files\Java\jdk1.8.0_40\jre\bin\net.dll
0x00007ffe0ee10000 - 0x00007ffe0ee69000 	C:\Windows\system32\mswsock.dll
0x0000000062220000 - 0x0000000062231000 	C:\Program Files\Java\jdk1.8.0_40\jre\bin\nio.dll
0x00007ffe0a7c0000 - 0x00007ffe0a7ea000 	C:\Windows\SYSTEM32\IPHLPAPI.DLL
0x00007ffe0a7b0000 - 0x00007ffe0a7ba000 	C:\Windows\SYSTEM32\WINNSI.DLL
0x00007ffe09990000 - 0x00007ffe099a6000 	C:\Windows\SYSTEM32\dhcpcsvc6.DLL
0x00007ffe09920000 - 0x00007ffe0993a000 	C:\Windows\SYSTEM32\dhcpcsvc.DLL
0x0000000062080000 - 0x0000000062218000 	C:\Program Files\Java\jdk1.8.0_40\jre\bin\awt.dll
0x00007ffe10480000 - 0x00007ffe10541000 	C:\Windows\system32\OLEAUT32.dll
0x00007ffe0e1e0000 - 0x00007ffe0e26e000 	C:\Windows\system32\apphelp.dll
0x00007ffe0ef00000 - 0x00007ffe0ef20000 	C:\Windows\SYSTEM32\CRYPTSP.dll
0x00007ffe0eb80000 - 0x00007ffe0ebb6000 	C:\Windows\system32\rsaenh.dll
0x00007ffe0f1f0000 - 0x00007ffe0f216000 	C:\Windows\SYSTEM32\bcrypt.dll
0x00007ffe0ec10000 - 0x00007ffe0ec31000 	C:\Windows\SYSTEM32\USERENV.dll
0x00007ffe06c80000 - 0x00007ffe06c95000 	C:\Windows\system32\napinsp.dll
0x00007ffe06d10000 - 0x00007ffe06d2a000 	C:\Windows\system32\pnrpnsp.dll
0x00007ffe0d530000 - 0x00007ffe0d54b000 	C:\Windows\system32\NLAapi.dll
0x00007ffe0ec80000 - 0x00007ffe0ed24000 	C:\Windows\SYSTEM32\DNSAPI.dll
0x00007ffe06d60000 - 0x00007ffe06d6d000 	C:\Windows\System32\winrnr.dll
0x00007ffe073e0000 - 0x00007ffe073ea000 	C:\Windows\System32\rasadhlp.dll
0x00007ffe097f0000 - 0x00007ffe0985b000 	C:\Windows\System32\fwpuclnt.dll
0x00007ffe0d800000 - 0x00007ffe0d821000 	C:\Windows\system32\DWMAPI.DLL
0x00007ffe0cd80000 - 0x00007ffe0cffa000 	C:\Windows\WinSxS\amd64_microsoft.windows.common-controls_6595b64144ccf1df_6.0.9600.17810_none_6240b9c7ecbd0bda\COMCTL32.dll
0x0000000062030000 - 0x0000000062077000 	C:\Program Files\Java\jdk1.8.0_40\jre\bin\fontmanager.dll
0x0000000061fe0000 - 0x0000000062021000 	C:\Program Files\Java\jdk1.8.0_40\jre\bin\t2k.dll
0x0000000180000000 - 0x0000000180038000 	C:\Program Files\NetBeans 8.0.2\platform\modules\lib\amd64\jnidispatch-410.dll
0x0000000061f80000 - 0x0000000061fa4000 	C:\Program Files\Java\jdk1.8.0_40\jre\bin\sunec.dll
0x00007ffe08840000 - 0x00007ffe08909000 	C:\Windows\SYSTEM32\winhttp.dll
0x00007ffdfad00000 - 0x00007ffdfada4000 	C:\Windows\WinSxS\amd64_microsoft.windows.common-controls_6595b64144ccf1df_5.82.9600.17810_none_34ae2abd958aedeb\comctl32.dll
0x00007ffe0fb70000 - 0x00007ffe0fc26000 	C:\Windows\SYSTEM32\clbcatq.dll
0x00007ffe0d5e0000 - 0x00007ffe0d78e000 	C:\Windows\SYSTEM32\WindowsCodecs.dll
0x0000000062f60000 - 0x0000000062f6d000 	C:\Program Files\Java\jdk1.8.0_40\jre\bin\management.dll
0x00007ffe0cbf0000 - 0x00007ffe0cd79000 	C:\Windows\SYSTEM32\dbghelp.dll

VM Arguments:
jvm_args: -Dnetbeans.logger.console=true -ea -Djdk.home=C:\Program Files\Java\jdk1.8.0_40 -splash:C:\Users\Thilina\Documents\GitHub\nbiz\NbizApp\build\testuserdir\var\cache\splash.png -Dnetbeans.home=C:\Program Files\NetBeans 8.0.2\platform -Dnetbeans.user=C:\Users\Thilina\Documents\GitHub\nbiz\NbizApp\build\testuserdir -Dnetbeans.default_userdir_root= -XX:+HeapDumpOnOutOfMemoryError -XX:HeapDumpPath=C:\Users\Thilina\Documents\GitHub\nbiz\NbizApp\build\testuserdir\var\log\heapdump.hprof -Dsun.awt.keepWorkingSetOnMinimize=true -Dnetbeans.dirs=C:\Users\Thilina\Documents\GitHub\nbiz\NbizApp\build\cluster;C:\Program Files\NetBeans 8.0.2\platform exit 
java_command: <unknown>
java_class_path (initial): C:\Program Files\NetBeans 8.0.2\platform\lib\boot.jar;C:\Program Files\NetBeans 8.0.2\platform\lib\org-openide-modules.jar;C:\Program Files\NetBeans 8.0.2\platform\lib\org-openide-util-lookup.jar;C:\Program Files\NetBeans 8.0.2\platform\lib\org-openide-util.jar;C:\Program Files\NetBeans 8.0.2\platform\lib\locale\boot_ja.jar;C:\Program Files\NetBeans 8.0.2\platform\lib\locale\boot_pt_BR.jar;C:\Program Files\NetBeans 8.0.2\platform\lib\locale\boot_ru.jar;C:\Program Files\NetBeans 8.0.2\platform\lib\locale\boot_zh_CN.jar;C:\Program Files\NetBeans 8.0.2\platform\lib\locale\org-openide-modules_ja.jar;C:\Program Files\NetBeans 8.0.2\platform\lib\locale\org-openide-modules_pt_BR.jar;C:\Program Files\NetBeans 8.0.2\platform\lib\locale\org-openide-modules_ru.jar;C:\Program Files\NetBeans 8.0.2\platform\lib\locale\org-openide-modules_zh_CN.jar;C:\Program Files\NetBeans 8.0.2\platform\lib\locale\org-openide-util-lookup_ja.jar;C:\Program Files\NetBeans 8.0.2\platform\lib\locale\org-openide-util-lookup_pt_BR.jar;C:\Program Files\NetBeans 8.0.2\platform\lib\locale\org-openide-util-lookup_ru.jar;C:\Program Files\NetBeans 8.0.2\platform\lib\locale\org-openide-util-lookup_zh_CN.jar;C:\Program Files\NetBeans 8.0.2\platform\lib\locale\org-openide-util_ja.jar;C:\Program Files\NetBeans 8.0.2\platform\lib\locale\org-openide-util_pt_BR.jar;C:\Program Files\NetBeans 8.0.2\platform\lib\locale\org-openide-util_ru.jar;C:\Program Files\NetBeans 8.0.2\platform\lib\locale\org-openide-util_zh_CN.jar;C:\Program Files\Java\jdk1.8.0_40\lib\dt.jar;C:\Program Files\Java\jdk1.8.0_40\lib\tools.jar
Launcher Type: generic

Environment Variables:
PATH=C:\ProgramData\Oracle\Java\javapath;C:\Windows\system32;C:\Windows;C:\Windows\System32\Wbem;C:\Windows\System32\WindowsPowerShell\v1.0\;C:\Program Files (x86)\Intel\OpenCL SDK\2.0\bin\x86;C:\Program Files (x86)\Intel\OpenCL SDK\2.0\bin\x64;C:\Program Files (x86)\Skype\Phone\
USERNAME=Thilina
OS=Windows_NT
PROCESSOR_IDENTIFIER=Intel64 Family 6 Model 42 Stepping 7, GenuineIntel



---------------  S Y S T E M  ---------------

OS: Windows 8.1 , 64 bit Build 9600 (6.3.9600.17415)

CPU:total 4 (2 cores per cpu, 2 threads per core) family 6 model 42 stepping 7, cmov, cx8, fxsr, mmx, sse, sse2, sse3, ssse3, sse4.1, sse4.2, popcnt, avx, clmul, ht, tsc, tscinvbit

Memory: 4k page, physical 8321388k(4090300k free), swap 16709996k(11974120k free)

vm_info: Java HotSpot(TM) 64-Bit Server VM (25.40-b25) for windows-amd64 JRE (1.8.0_40-b26), built on Mar  7 2015 13:51:59 by "java_re" with MS VC++ 10.0 (VS2010)

time: Sat Jul 18 00:40:35 2015
elapsed time: 149 seconds (0d 0h 2m 29s)

