Jul 17, 2015 12:36:23 PM com.nanosl.lib.log.Loggings logError
WARNING: 
 There is an error!!
javax.persistence.PersistenceException: Exception [EclipseLink-4002] (Eclipse Persistence Services - 2.5.0.v20130507-3faac2b): org.eclipse.persistence.exceptions.DatabaseException
Internal Exception: com.mysql.jdbc.exceptions.jdbc4.MySQLSyntaxErrorException: Table 'eis_batik.svat' doesn't exist
Error Code: 1146
Call: SELECT serial_number, ending_month, issued_date, purchasing_amount, svat_amount, supplier_code FROM svat WHERE (issued_date BETWEEN ? AND ?)
	bind => [2 parameters bound]
Query: ReadAllQuery(name="Svat.findByDates" referenceClass=Svat sql="SELECT serial_number, ending_month, issued_date, purchasing_amount, svat_amount, supplier_code FROM svat WHERE (issued_date BETWEEN ? AND ?)")
	at org.eclipse.persistence.internal.jpa.QueryImpl.getDetailedException(QueryImpl.java:377)
	at org.eclipse.persistence.internal.jpa.QueryImpl.executeReadQuery(QueryImpl.java:260)
	at org.eclipse.persistence.internal.jpa.QueryImpl.getResultList(QueryImpl.java:468)
	at com.nanosl.lib.db.Manager.exNamedQueryParamResult(Manager.java:251)
	at query.Find.svatByDates(Find.java:155)
	at com.nanosl.nbiz.cheque.gui.SvatTopComponent.fillTable(SvatTopComponent.java:606)
	at com.nanosl.nbiz.cheque.gui.SvatTopComponent.fill(SvatTopComponent.java:641)
	at com.nanosl.nbiz.cheque.gui.SvatTopComponent.setVisible(SvatTopComponent.java:95)
	at org.netbeans.swing.tabcontrol.plaf.StackLayout.addLayoutComponent(StackLayout.java:112)
	at java.awt.Container.addImpl(Container.java:1127)
	at java.awt.Container.add(Container.java:971)
	at org.netbeans.swing.tabcontrol.plaf.DefaultTabbedContainerUI.initDisplayer(DefaultTabbedContainerUI.java:632)
	at org.netbeans.swing.tabcontrol.plaf.DefaultTabbedContainerUI$ContainerHierarchyListener.hierarchyChanged(DefaultTabbedContainerUI.java:996)
	at java.awt.Component.processHierarchyEvent(Component.java:6692)
	at java.awt.Component.processEvent(Component.java:6311)
	at java.awt.Container.processEvent(Container.java:2234)
	at java.awt.Component.dispatchEventImpl(Component.java:4881)
	at java.awt.Container.dispatchEventImpl(Container.java:2292)
	at java.awt.Component.dispatchEvent(Component.java:4703)
	at java.awt.Component.addNotify(Component.java:6961)
	at java.awt.Container.addNotify(Container.java:2762)
	at javax.swing.JComponent.addNotify(JComponent.java:4749)
	at org.netbeans.swing.tabcontrol.TabbedContainer.addNotify(TabbedContainer.java:967)
	at org.netbeans.core.windows.view.ui.tabcontrol.TabbedAdapter.addNotify(TabbedAdapter.java:330)
	at java.awt.Container.addNotify(Container.java:2773)
	at javax.swing.JComponent.addNotify(JComponent.java:4749)
	at java.awt.Container.addImpl(Container.java:1119)
	at java.awt.Container.add(Container.java:971)
	at org.netbeans.core.windows.view.EditorView$EditorAreaComponent.setAreaComponent(EditorView.java:304)
	at org.netbeans.core.windows.view.EditorView.assureComponentInEditorArea(EditorView.java:173)
	at org.netbeans.core.windows.view.EditorView.updateAWTHierarchy(EditorView.java:161)
	at org.netbeans.core.windows.view.ViewHierarchy.setSplitRootIntoDesktop(ViewHierarchy.java:667)
	at org.netbeans.core.windows.view.ViewHierarchy.updateDesktop(ViewHierarchy.java:704)
	at org.netbeans.core.windows.view.DefaultView.changeGUI(DefaultView.java:338)
	at org.netbeans.core.windows.ViewRequestor.dispatchRequest(ViewRequestor.java:275)
	at org.netbeans.core.windows.ViewRequestor.processRequest(ViewRequestor.java:251)
	at org.netbeans.core.windows.ViewRequestor.postRequest(ViewRequestor.java:189)
	at org.netbeans.core.windows.ViewRequestor.scheduleRequest(ViewRequestor.java:127)
	at org.netbeans.core.windows.Central.addModeOpenedTopComponent(Central.java:791)
	at org.netbeans.core.windows.ModeImpl.addOpenedTopComponent(ModeImpl.java:354)
	at org.netbeans.core.windows.WindowManagerImpl.topComponentOpenAtTabPosition(WindowManagerImpl.java:1261)
	at org.netbeans.core.windows.WindowManagerImpl.topComponentOpen(WindowManagerImpl.java:1226)
	at org.openide.windows.TopComponent.open(TopComponent.java:497)
	at org.openide.windows.TopComponent.open(TopComponent.java:477)
	at org.openide.windows.OpenComponentAction.actionPerformed(OpenComponentAction.java:94)
	at org.openide.awt.AlwaysEnabledAction$1.run(AlwaysEnabledAction.java:199)
	at org.openide.util.actions.ActionInvoker$1.run(ActionInvoker.java:95)
	at org.openide.util.actions.ActionInvoker.doPerformAction(ActionInvoker.java:116)
	at org.openide.util.actions.ActionInvoker.invokeAction(ActionInvoker.java:99)
	at org.openide.awt.AlwaysEnabledAction.actionPerformed(AlwaysEnabledAction.java:202)
	at javax.swing.AbstractButton.fireActionPerformed(AbstractButton.java:2022)
	at javax.swing.AbstractButton$Handler.actionPerformed(AbstractButton.java:2346)
	at javax.swing.DefaultButtonModel.fireActionPerformed(DefaultButtonModel.java:402)
	at javax.swing.DefaultButtonModel.setPressed(DefaultButtonModel.java:259)
	at javax.swing.AbstractButton.doClick(AbstractButton.java:376)
	at javax.swing.plaf.basic.BasicMenuItemUI.doClick(BasicMenuItemUI.java:833)
	at javax.swing.plaf.basic.BasicMenuItemUI$Handler.mouseReleased(BasicMenuItemUI.java:877)
	at java.awt.Component.processMouseEvent(Component.java:6525)
	at javax.swing.JComponent.processMouseEvent(JComponent.java:3324)
	at java.awt.Component.processEvent(Component.java:6290)
	at java.awt.Container.processEvent(Container.java:2234)
	at java.awt.Component.dispatchEventImpl(Component.java:4881)
	at java.awt.Container.dispatchEventImpl(Container.java:2292)
	at java.awt.Component.dispatchEvent(Component.java:4703)
	at java.awt.LightweightDispatcher.retargetMouseEvent(Container.java:4898)
	at java.awt.LightweightDispatcher.processMouseEvent(Container.java:4533)
	at java.awt.LightweightDispatcher.dispatchEvent(Container.java:4462)
	at java.awt.Container.dispatchEventImpl(Container.java:2278)
	at java.awt.Window.dispatchEventImpl(Window.java:2750)
	at java.awt.Component.dispatchEvent(Component.java:4703)
	at java.awt.EventQueue.dispatchEventImpl(EventQueue.java:751)
	at java.awt.EventQueue.access$500(EventQueue.java:97)
	at java.awt.EventQueue$3.run(EventQueue.java:702)
	at java.awt.EventQueue$3.run(EventQueue.java:696)
	at java.security.AccessController.doPrivileged(Native Method)
	at java.security.ProtectionDomain$1.doIntersectionPrivilege(ProtectionDomain.java:75)
	at java.security.ProtectionDomain$1.doIntersectionPrivilege(ProtectionDomain.java:86)
	at java.awt.EventQueue$4.run(EventQueue.java:724)
	at java.awt.EventQueue$4.run(EventQueue.java:722)
	at java.security.AccessController.doPrivileged(Native Method)
	at java.security.ProtectionDomain$1.doIntersectionPrivilege(ProtectionDomain.java:75)
	at java.awt.EventQueue.dispatchEvent(EventQueue.java:721)
	at org.netbeans.core.TimableEventQueue.dispatchEvent(TimableEventQueue.java:159)
	at java.awt.EventDispatchThread.pumpOneEventForFilters(EventDispatchThread.java:201)
	at java.awt.EventDispatchThread.pumpEventsForFilter(EventDispatchThread.java:116)
	at java.awt.EventDispatchThread.pumpEventsForHierarchy(EventDispatchThread.java:105)
	at java.awt.EventDispatchThread.pumpEvents(EventDispatchThread.java:101)
	at java.awt.EventDispatchThread.pumpEvents(EventDispatchThread.java:93)
	at java.awt.EventDispatchThread.run(EventDispatchThread.java:82)
Caused by: Exception [EclipseLink-4002] (Eclipse Persistence Services - 2.5.0.v20130507-3faac2b): org.eclipse.persistence.exceptions.DatabaseException
Internal Exception: com.mysql.jdbc.exceptions.jdbc4.MySQLSyntaxErrorException: Table 'eis_batik.svat' doesn't exist
Error Code: 1146
Call: SELECT serial_number, ending_month, issued_date, purchasing_amount, svat_amount, supplier_code FROM svat WHERE (issued_date BETWEEN ? AND ?)
	bind => [2 parameters bound]
Query: ReadAllQuery(name="Svat.findByDates" referenceClass=Svat sql="SELECT serial_number, ending_month, issued_date, purchasing_amount, svat_amount, supplier_code FROM svat WHERE (issued_date BETWEEN ? AND ?)")
	at org.eclipse.persistence.exceptions.DatabaseException.sqlException(DatabaseException.java:340)
	at org.eclipse.persistence.internal.databaseaccess.DatabaseAccessor.basicExecuteCall(DatabaseAccessor.java:679)
	at org.eclipse.persistence.internal.databaseaccess.DatabaseAccessor.executeCall(DatabaseAccessor.java:558)
	at org.eclipse.persistence.internal.sessions.AbstractSession.basicExecuteCall(AbstractSession.java:1995)
	at org.eclipse.persistence.sessions.server.ServerSession.executeCall(ServerSession.java:570)
	at org.eclipse.persistence.internal.queries.DatasourceCallQueryMechanism.executeCall(DatasourceCallQueryMechanism.java:242)
	at org.eclipse.persistence.internal.queries.DatasourceCallQueryMechanism.executeCall(DatasourceCallQueryMechanism.java:228)
	at org.eclipse.persistence.internal.queries.DatasourceCallQueryMechanism.executeSelectCall(DatasourceCallQueryMechanism.java:299)
	at org.eclipse.persistence.internal.queries.DatasourceCallQueryMechanism.selectAllRows(DatasourceCallQueryMechanism.java:694)
	at org.eclipse.persistence.internal.queries.ExpressionQueryMechanism.selectAllRowsFromTable(ExpressionQueryMechanism.java:2714)
	at org.eclipse.persistence.internal.queries.ExpressionQueryMechanism.selectAllRows(ExpressionQueryMechanism.java:2667)
	at org.eclipse.persistence.queries.ReadAllQuery.executeObjectLevelReadQuery(ReadAllQuery.java:477)
	at org.eclipse.persistence.queries.ObjectLevelReadQuery.executeDatabaseQuery(ObjectLevelReadQuery.java:1155)
	at org.eclipse.persistence.queries.DatabaseQuery.execute(DatabaseQuery.java:899)
	at org.eclipse.persistence.queries.ObjectLevelReadQuery.execute(ObjectLevelReadQuery.java:1114)
	at org.eclipse.persistence.queries.ReadAllQuery.execute(ReadAllQuery.java:402)
	at org.eclipse.persistence.queries.ObjectLevelReadQuery.executeInUnitOfWork(ObjectLevelReadQuery.java:1202)
	at org.eclipse.persistence.internal.sessions.UnitOfWorkImpl.internalExecuteQuery(UnitOfWorkImpl.java:2894)
	at org.eclipse.persistence.internal.sessions.AbstractSession.executeQuery(AbstractSession.java:1797)
	at org.eclipse.persistence.internal.sessions.AbstractSession.executeQuery(AbstractSession.java:1779)
	at org.eclipse.persistence.internal.sessions.AbstractSession.executeQuery(AbstractSession.java:1744)
	at org.eclipse.persistence.internal.jpa.QueryImpl.executeReadQuery(QueryImpl.java:258)
	... 87 more
Caused by: com.mysql.jdbc.exceptions.jdbc4.MySQLSyntaxErrorException: Table 'eis_batik.svat' doesn't exist
	at sun.reflect.NativeConstructorAccessorImpl.newInstance0(Native Method)
	at sun.reflect.NativeConstructorAccessorImpl.newInstance(NativeConstructorAccessorImpl.java:62)
	at sun.reflect.DelegatingConstructorAccessorImpl.newInstance(DelegatingConstructorAccessorImpl.java:45)
	at java.lang.reflect.Constructor.newInstance(Constructor.java:422)
	at com.mysql.jdbc.Util.handleNewInstance(Util.java:411)
	at com.mysql.jdbc.Util.getInstance(Util.java:386)
	at com.mysql.jdbc.SQLError.createSQLException(SQLError.java:1052)
	at com.mysql.jdbc.MysqlIO.checkErrorPacket(MysqlIO.java:3609)
	at com.mysql.jdbc.MysqlIO.checkErrorPacket(MysqlIO.java:3541)
	at com.mysql.jdbc.MysqlIO.sendCommand(MysqlIO.java:2002)
	at com.mysql.jdbc.MysqlIO.sqlQueryDirect(MysqlIO.java:2163)
	at com.mysql.jdbc.ConnectionImpl.execSQL(ConnectionImpl.java:2624)
	at com.mysql.jdbc.PreparedStatement.executeInternal(PreparedStatement.java:2127)
	at com.mysql.jdbc.PreparedStatement.executeQuery(PreparedStatement.java:2293)
	at org.eclipse.persistence.internal.databaseaccess.DatabaseAccessor.executeSelect(DatabaseAccessor.java:1002)
	at org.eclipse.persistence.internal.databaseaccess.DatabaseAccessor.basicExecuteCall(DatabaseAccessor.java:641)
	... 107 more

Jul 17, 2015 12:37:33 PM com.nanosl.lib.log.Loggings logError
WARNING: 
 There is an error!!
javax.persistence.PersistenceException: Exception [EclipseLink-4002] (Eclipse Persistence Services - 2.5.0.v20130507-3faac2b): org.eclipse.persistence.exceptions.DatabaseException
Internal Exception: com.mysql.jdbc.exceptions.jdbc4.MySQLSyntaxErrorException: Table 'eis_batik.svat' doesn't exist
Error Code: 1146
Call: SELECT serial_number, ending_month, issued_date, purchasing_amount, svat_amount, supplier_code FROM svat WHERE (issued_date BETWEEN ? AND ?)
	bind => [2 parameters bound]
Query: ReadAllQuery(name="Svat.findByDates" referenceClass=Svat sql="SELECT serial_number, ending_month, issued_date, purchasing_amount, svat_amount, supplier_code FROM svat WHERE (issued_date BETWEEN ? AND ?)")
	at org.eclipse.persistence.internal.jpa.QueryImpl.getDetailedException(QueryImpl.java:377)
	at org.eclipse.persistence.internal.jpa.QueryImpl.executeReadQuery(QueryImpl.java:260)
	at org.eclipse.persistence.internal.jpa.QueryImpl.getResultList(QueryImpl.java:468)
	at com.nanosl.lib.db.Manager.exNamedQueryParamResult(Manager.java:251)
	at query.Find.svatByDates(Find.java:155)
	at com.nanosl.nbiz.cheque.gui.SvatTopComponent.fillTable(SvatTopComponent.java:606)
	at com.nanosl.nbiz.cheque.gui.SvatTopComponent.fill(SvatTopComponent.java:641)
	at com.nanosl.nbiz.cheque.gui.SvatTopComponent.setVisible(SvatTopComponent.java:95)
	at org.netbeans.swing.tabcontrol.plaf.StackLayout.showComponent(StackLayout.java:86)
	at org.netbeans.swing.tabcontrol.plaf.DefaultTabbedContainerUI.showComponent(DefaultTabbedContainerUI.java:576)
	at org.netbeans.swing.tabcontrol.plaf.DefaultTabbedContainerUI.ensureSelectedComponentIsShowing(DefaultTabbedContainerUI.java:548)
	at org.netbeans.swing.tabcontrol.plaf.DefaultTabbedContainerUI$ContainerHierarchyListener.hierarchyChanged(DefaultTabbedContainerUI.java:998)
	at java.awt.Component.processHierarchyEvent(Component.java:6692)
	at java.awt.Component.processEvent(Component.java:6311)
	at java.awt.Container.processEvent(Container.java:2234)
	at java.awt.Component.dispatchEventImpl(Component.java:4881)
	at java.awt.Container.dispatchEventImpl(Container.java:2292)
	at java.awt.Component.dispatchEvent(Component.java:4703)
	at java.awt.Component.addNotify(Component.java:6961)
	at java.awt.Container.addNotify(Container.java:2762)
	at javax.swing.JComponent.addNotify(JComponent.java:4749)
	at org.netbeans.swing.tabcontrol.TabbedContainer.addNotify(TabbedContainer.java:967)
	at org.netbeans.core.windows.view.ui.tabcontrol.TabbedAdapter.addNotify(TabbedAdapter.java:330)
	at java.awt.Container.addNotify(Container.java:2773)
	at javax.swing.JComponent.addNotify(JComponent.java:4749)
	at java.awt.Container.addImpl(Container.java:1119)
	at java.awt.Container.add(Container.java:971)
	at org.netbeans.core.windows.view.EditorView$EditorAreaComponent.setAreaComponent(EditorView.java:304)
	at org.netbeans.core.windows.view.EditorView.assureComponentInEditorArea(EditorView.java:173)
	at org.netbeans.core.windows.view.EditorView.updateAWTHierarchy(EditorView.java:161)
	at org.netbeans.core.windows.view.ViewHierarchy.setSplitRootIntoDesktop(ViewHierarchy.java:667)
	at org.netbeans.core.windows.view.ViewHierarchy.updateDesktop(ViewHierarchy.java:704)
	at org.netbeans.core.windows.view.DefaultView.changeGUI(DefaultView.java:338)
	at org.netbeans.core.windows.ViewRequestor.dispatchRequest(ViewRequestor.java:275)
	at org.netbeans.core.windows.ViewRequestor.processRequest(ViewRequestor.java:251)
	at org.netbeans.core.windows.ViewRequestor.postRequest(ViewRequestor.java:189)
	at org.netbeans.core.windows.ViewRequestor.scheduleRequest(ViewRequestor.java:127)
	at org.netbeans.core.windows.Central.addModeOpenedTopComponent(Central.java:791)
	at org.netbeans.core.windows.ModeImpl.addOpenedTopComponent(ModeImpl.java:354)
	at org.netbeans.core.windows.WindowManagerImpl.topComponentOpenAtTabPosition(WindowManagerImpl.java:1261)
	at org.netbeans.core.windows.WindowManagerImpl.topComponentOpen(WindowManagerImpl.java:1226)
	at org.openide.windows.TopComponent.open(TopComponent.java:497)
	at org.openide.windows.TopComponent.open(TopComponent.java:477)
	at org.openide.windows.OpenComponentAction.actionPerformed(OpenComponentAction.java:94)
	at org.openide.awt.AlwaysEnabledAction$1.run(AlwaysEnabledAction.java:199)
	at org.openide.util.actions.ActionInvoker$1.run(ActionInvoker.java:95)
	at org.openide.util.actions.ActionInvoker.doPerformAction(ActionInvoker.java:116)
	at org.openide.util.actions.ActionInvoker.invokeAction(ActionInvoker.java:99)
	at org.openide.awt.AlwaysEnabledAction.actionPerformed(AlwaysEnabledAction.java:202)
	at javax.swing.AbstractButton.fireActionPerformed(AbstractButton.java:2022)
	at javax.swing.AbstractButton$Handler.actionPerformed(AbstractButton.java:2346)
	at javax.swing.DefaultButtonModel.fireActionPerformed(DefaultButtonModel.java:402)
	at javax.swing.DefaultButtonModel.setPressed(DefaultButtonModel.java:259)
	at javax.swing.AbstractButton.doClick(AbstractButton.java:376)
	at javax.swing.plaf.basic.BasicMenuItemUI.doClick(BasicMenuItemUI.java:833)
	at javax.swing.plaf.basic.BasicMenuItemUI$Handler.mouseReleased(BasicMenuItemUI.java:877)
	at java.awt.Component.processMouseEvent(Component.java:6525)
	at javax.swing.JComponent.processMouseEvent(JComponent.java:3324)
	at java.awt.Component.processEvent(Component.java:6290)
	at java.awt.Container.processEvent(Container.java:2234)
	at java.awt.Component.dispatchEventImpl(Component.java:4881)
	at java.awt.Container.dispatchEventImpl(Container.java:2292)
	at java.awt.Component.dispatchEvent(Component.java:4703)
	at java.awt.LightweightDispatcher.retargetMouseEvent(Container.java:4898)
	at java.awt.LightweightDispatcher.processMouseEvent(Container.java:4533)
	at java.awt.LightweightDispatcher.dispatchEvent(Container.java:4462)
	at java.awt.Container.dispatchEventImpl(Container.java:2278)
	at java.awt.Window.dispatchEventImpl(Window.java:2750)
	at java.awt.Component.dispatchEvent(Component.java:4703)
	at java.awt.EventQueue.dispatchEventImpl(EventQueue.java:751)
	at java.awt.EventQueue.access$500(EventQueue.java:97)
	at java.awt.EventQueue$3.run(EventQueue.java:702)
	at java.awt.EventQueue$3.run(EventQueue.java:696)
	at java.security.AccessController.doPrivileged(Native Method)
	at java.security.ProtectionDomain$1.doIntersectionPrivilege(ProtectionDomain.java:75)
	at java.security.ProtectionDomain$1.doIntersectionPrivilege(ProtectionDomain.java:86)
	at java.awt.EventQueue$4.run(EventQueue.java:724)
	at java.awt.EventQueue$4.run(EventQueue.java:722)
	at java.security.AccessController.doPrivileged(Native Method)
	at java.security.ProtectionDomain$1.doIntersectionPrivilege(ProtectionDomain.java:75)
	at java.awt.EventQueue.dispatchEvent(EventQueue.java:721)
	at org.netbeans.core.TimableEventQueue.dispatchEvent(TimableEventQueue.java:159)
	at java.awt.EventDispatchThread.pumpOneEventForFilters(EventDispatchThread.java:201)
	at java.awt.EventDispatchThread.pumpEventsForFilter(EventDispatchThread.java:116)
	at java.awt.EventDispatchThread.pumpEventsForHierarchy(EventDispatchThread.java:105)
	at java.awt.EventDispatchThread.pumpEvents(EventDispatchThread.java:101)
	at java.awt.EventDispatchThread.pumpEvents(EventDispatchThread.java:93)
	at java.awt.EventDispatchThread.run(EventDispatchThread.java:82)
Caused by: Exception [EclipseLink-4002] (Eclipse Persistence Services - 2.5.0.v20130507-3faac2b): org.eclipse.persistence.exceptions.DatabaseException
Internal Exception: com.mysql.jdbc.exceptions.jdbc4.MySQLSyntaxErrorException: Table 'eis_batik.svat' doesn't exist
Error Code: 1146
Call: SELECT serial_number, ending_month, issued_date, purchasing_amount, svat_amount, supplier_code FROM svat WHERE (issued_date BETWEEN ? AND ?)
	bind => [2 parameters bound]
Query: ReadAllQuery(name="Svat.findByDates" referenceClass=Svat sql="SELECT serial_number, ending_month, issued_date, purchasing_amount, svat_amount, supplier_code FROM svat WHERE (issued_date BETWEEN ? AND ?)")
	at org.eclipse.persistence.exceptions.DatabaseException.sqlException(DatabaseException.java:340)
	at org.eclipse.persistence.internal.databaseaccess.DatabaseAccessor.basicExecuteCall(DatabaseAccessor.java:679)
	at org.eclipse.persistence.internal.databaseaccess.DatabaseAccessor.executeCall(DatabaseAccessor.java:558)
	at org.eclipse.persistence.internal.sessions.AbstractSession.basicExecuteCall(AbstractSession.java:1995)
	at org.eclipse.persistence.sessions.server.ServerSession.executeCall(ServerSession.java:570)
	at org.eclipse.persistence.internal.queries.DatasourceCallQueryMechanism.executeCall(DatasourceCallQueryMechanism.java:242)
	at org.eclipse.persistence.internal.queries.DatasourceCallQueryMechanism.executeCall(DatasourceCallQueryMechanism.java:228)
	at org.eclipse.persistence.internal.queries.DatasourceCallQueryMechanism.executeSelectCall(DatasourceCallQueryMechanism.java:299)
	at org.eclipse.persistence.internal.queries.DatasourceCallQueryMechanism.selectAllRows(DatasourceCallQueryMechanism.java:694)
	at org.eclipse.persistence.internal.queries.ExpressionQueryMechanism.selectAllRowsFromTable(ExpressionQueryMechanism.java:2714)
	at org.eclipse.persistence.internal.queries.ExpressionQueryMechanism.selectAllRows(ExpressionQueryMechanism.java:2667)
	at org.eclipse.persistence.queries.ReadAllQuery.executeObjectLevelReadQuery(ReadAllQuery.java:477)
	at org.eclipse.persistence.queries.ObjectLevelReadQuery.executeDatabaseQuery(ObjectLevelReadQuery.java:1155)
	at org.eclipse.persistence.queries.DatabaseQuery.execute(DatabaseQuery.java:899)
	at org.eclipse.persistence.queries.ObjectLevelReadQuery.execute(ObjectLevelReadQuery.java:1114)
	at org.eclipse.persistence.queries.ReadAllQuery.execute(ReadAllQuery.java:402)
	at org.eclipse.persistence.queries.ObjectLevelReadQuery.executeInUnitOfWork(ObjectLevelReadQuery.java:1202)
	at org.eclipse.persistence.internal.sessions.UnitOfWorkImpl.internalExecuteQuery(UnitOfWorkImpl.java:2894)
	at org.eclipse.persistence.internal.sessions.AbstractSession.executeQuery(AbstractSession.java:1797)
	at org.eclipse.persistence.internal.sessions.AbstractSession.executeQuery(AbstractSession.java:1779)
	at org.eclipse.persistence.internal.sessions.AbstractSession.executeQuery(AbstractSession.java:1744)
	at org.eclipse.persistence.internal.jpa.QueryImpl.executeReadQuery(QueryImpl.java:258)
	... 86 more
Caused by: com.mysql.jdbc.exceptions.jdbc4.MySQLSyntaxErrorException: Table 'eis_batik.svat' doesn't exist
	at sun.reflect.NativeConstructorAccessorImpl.newInstance0(Native Method)
	at sun.reflect.NativeConstructorAccessorImpl.newInstance(NativeConstructorAccessorImpl.java:62)
	at sun.reflect.DelegatingConstructorAccessorImpl.newInstance(DelegatingConstructorAccessorImpl.java:45)
	at java.lang.reflect.Constructor.newInstance(Constructor.java:422)
	at com.mysql.jdbc.Util.handleNewInstance(Util.java:411)
	at com.mysql.jdbc.Util.getInstance(Util.java:386)
	at com.mysql.jdbc.SQLError.createSQLException(SQLError.java:1052)
	at com.mysql.jdbc.MysqlIO.checkErrorPacket(MysqlIO.java:3609)
	at com.mysql.jdbc.MysqlIO.checkErrorPacket(MysqlIO.java:3541)
	at com.mysql.jdbc.MysqlIO.sendCommand(MysqlIO.java:2002)
	at com.mysql.jdbc.MysqlIO.sqlQueryDirect(MysqlIO.java:2163)
	at com.mysql.jdbc.ConnectionImpl.execSQL(ConnectionImpl.java:2624)
	at com.mysql.jdbc.PreparedStatement.executeInternal(PreparedStatement.java:2127)
	at com.mysql.jdbc.PreparedStatement.executeQuery(PreparedStatement.java:2293)
	at org.eclipse.persistence.internal.databaseaccess.DatabaseAccessor.executeSelect(DatabaseAccessor.java:1002)
	at org.eclipse.persistence.internal.databaseaccess.DatabaseAccessor.basicExecuteCall(DatabaseAccessor.java:641)
	... 106 more

Jul 17, 2015 12:37:33 PM com.nanosl.lib.log.Loggings logError
WARNING: 
 There is an error!!
javax.persistence.PersistenceException: Exception [EclipseLink-4002] (Eclipse Persistence Services - 2.5.0.v20130507-3faac2b): org.eclipse.persistence.exceptions.DatabaseException
Internal Exception: com.mysql.jdbc.exceptions.jdbc4.MySQLSyntaxErrorException: Table 'eis_batik.svat' doesn't exist
Error Code: 1146
Call: SELECT serial_number, ending_month, issued_date, purchasing_amount, svat_amount, supplier_code FROM svat WHERE (issued_date BETWEEN ? AND ?)
	bind => [2 parameters bound]
Query: ReadAllQuery(name="Svat.findByDates" referenceClass=Svat sql="SELECT serial_number, ending_month, issued_date, purchasing_amount, svat_amount, supplier_code FROM svat WHERE (issued_date BETWEEN ? AND ?)")
	at org.eclipse.persistence.internal.jpa.QueryImpl.getDetailedException(QueryImpl.java:377)
	at org.eclipse.persistence.internal.jpa.QueryImpl.executeReadQuery(QueryImpl.java:260)
	at org.eclipse.persistence.internal.jpa.QueryImpl.getResultList(QueryImpl.java:468)
	at com.nanosl.lib.db.Manager.exNamedQueryParamResult(Manager.java:251)
	at query.Find.svatByDates(Find.java:155)
	at com.nanosl.nbiz.cheque.gui.SvatTopComponent.fillTable(SvatTopComponent.java:606)
	at com.nanosl.nbiz.cheque.gui.SvatTopComponent.fill(SvatTopComponent.java:641)
	at com.nanosl.nbiz.cheque.gui.SvatTopComponent.setVisible(SvatTopComponent.java:95)
	at org.netbeans.swing.tabcontrol.plaf.StackLayout.showComponent(StackLayout.java:86)
	at org.netbeans.swing.tabcontrol.plaf.DefaultTabbedContainerUI.showComponent(DefaultTabbedContainerUI.java:576)
	at org.netbeans.swing.tabcontrol.plaf.DefaultTabbedContainerUI.ensureSelectedComponentIsShowing(DefaultTabbedContainerUI.java:548)
	at org.netbeans.swing.tabcontrol.plaf.DefaultTabbedContainerUI$ContainerHierarchyListener.hierarchyChanged(DefaultTabbedContainerUI.java:998)
	at java.awt.Component.processHierarchyEvent(Component.java:6692)
	at java.awt.Component.processEvent(Component.java:6311)
	at java.awt.Container.processEvent(Container.java:2234)
	at java.awt.Component.dispatchEventImpl(Component.java:4881)
	at java.awt.Container.dispatchEventImpl(Container.java:2292)
	at java.awt.Component.dispatchEvent(Component.java:4703)
	at java.awt.Component.addNotify(Component.java:6961)
	at java.awt.Container.addNotify(Container.java:2762)
	at javax.swing.JComponent.addNotify(JComponent.java:4749)
	at org.netbeans.swing.tabcontrol.TabbedContainer.addNotify(TabbedContainer.java:967)
	at org.netbeans.core.windows.view.ui.tabcontrol.TabbedAdapter.addNotify(TabbedAdapter.java:330)
	at java.awt.Container.addNotify(Container.java:2773)
	at javax.swing.JComponent.addNotify(JComponent.java:4749)
	at java.awt.Container.addImpl(Container.java:1119)
	at java.awt.Container.add(Container.java:971)
	at org.netbeans.core.windows.view.EditorView$EditorAreaComponent.setAreaComponent(EditorView.java:304)
	at org.netbeans.core.windows.view.EditorView.assureComponentInEditorArea(EditorView.java:173)
	at org.netbeans.core.windows.view.EditorView.updateAWTHierarchy(EditorView.java:161)
	at org.netbeans.core.windows.view.ViewHierarchy.setSplitRootIntoDesktop(ViewHierarchy.java:667)
	at org.netbeans.core.windows.view.ViewHierarchy.updateDesktop(ViewHierarchy.java:704)
	at org.netbeans.core.windows.view.DefaultView.changeGUI(DefaultView.java:338)
	at org.netbeans.core.windows.ViewRequestor.dispatchRequest(ViewRequestor.java:275)
	at org.netbeans.core.windows.ViewRequestor.processRequest(ViewRequestor.java:251)
	at org.netbeans.core.windows.ViewRequestor.postRequest(ViewRequestor.java:189)
	at org.netbeans.core.windows.ViewRequestor.scheduleRequest(ViewRequestor.java:127)
	at org.netbeans.core.windows.Central.addModeOpenedTopComponent(Central.java:791)
	at org.netbeans.core.windows.ModeImpl.addOpenedTopComponent(ModeImpl.java:354)
	at org.netbeans.core.windows.WindowManagerImpl.topComponentOpenAtTabPosition(WindowManagerImpl.java:1261)
	at org.netbeans.core.windows.WindowManagerImpl.topComponentOpen(WindowManagerImpl.java:1226)
	at org.openide.windows.TopComponent.open(TopComponent.java:497)
	at org.openide.windows.TopComponent.open(TopComponent.java:477)
	at org.openide.windows.OpenComponentAction.actionPerformed(OpenComponentAction.java:94)
	at org.openide.awt.AlwaysEnabledAction$1.run(AlwaysEnabledAction.java:199)
	at org.openide.util.actions.ActionInvoker$1.run(ActionInvoker.java:95)
	at org.openide.util.actions.ActionInvoker.doPerformAction(ActionInvoker.java:116)
	at org.openide.util.actions.ActionInvoker.invokeAction(ActionInvoker.java:99)
	at org.openide.awt.AlwaysEnabledAction.actionPerformed(AlwaysEnabledAction.java:202)
	at javax.swing.AbstractButton.fireActionPerformed(AbstractButton.java:2022)
	at javax.swing.AbstractButton$Handler.actionPerformed(AbstractButton.java:2346)
	at javax.swing.DefaultButtonModel.fireActionPerformed(DefaultButtonModel.java:402)
	at javax.swing.DefaultButtonModel.setPressed(DefaultButtonModel.java:259)
	at javax.swing.AbstractButton.doClick(AbstractButton.java:376)
	at javax.swing.plaf.basic.BasicMenuItemUI.doClick(BasicMenuItemUI.java:833)
	at javax.swing.plaf.basic.BasicMenuItemUI$Handler.mouseReleased(BasicMenuItemUI.java:877)
	at java.awt.Component.processMouseEvent(Component.java:6525)
	at javax.swing.JComponent.processMouseEvent(JComponent.java:3324)
	at java.awt.Component.processEvent(Component.java:6290)
	at java.awt.Container.processEvent(Container.java:2234)
	at java.awt.Component.dispatchEventImpl(Component.java:4881)
	at java.awt.Container.dispatchEventImpl(Container.java:2292)
	at java.awt.Component.dispatchEvent(Component.java:4703)
	at java.awt.LightweightDispatcher.retargetMouseEvent(Container.java:4898)
	at java.awt.LightweightDispatcher.processMouseEvent(Container.java:4533)
	at java.awt.LightweightDispatcher.dispatchEvent(Container.java:4462)
	at java.awt.Container.dispatchEventImpl(Container.java:2278)
	at java.awt.Window.dispatchEventImpl(Window.java:2750)
	at java.awt.Component.dispatchEvent(Component.java:4703)
	at java.awt.EventQueue.dispatchEventImpl(EventQueue.java:751)
	at java.awt.EventQueue.access$500(EventQueue.java:97)
	at java.awt.EventQueue$3.run(EventQueue.java:702)
	at java.awt.EventQueue$3.run(EventQueue.java:696)
	at java.security.AccessController.doPrivileged(Native Method)
	at java.security.ProtectionDomain$1.doIntersectionPrivilege(ProtectionDomain.java:75)
	at java.security.ProtectionDomain$1.doIntersectionPrivilege(ProtectionDomain.java:86)
	at java.awt.EventQueue$4.run(EventQueue.java:724)
	at java.awt.EventQueue$4.run(EventQueue.java:722)
	at java.security.AccessController.doPrivileged(Native Method)
	at java.security.ProtectionDomain$1.doIntersectionPrivilege(ProtectionDomain.java:75)
	at java.awt.EventQueue.dispatchEvent(EventQueue.java:721)
	at org.netbeans.core.TimableEventQueue.dispatchEvent(TimableEventQueue.java:159)
	at java.awt.EventDispatchThread.pumpOneEventForFilters(EventDispatchThread.java:201)
	at java.awt.EventDispatchThread.pumpEventsForFilter(EventDispatchThread.java:116)
	at java.awt.EventDispatchThread.pumpEventsForHierarchy(EventDispatchThread.java:105)
	at java.awt.EventDispatchThread.pumpEvents(EventDispatchThread.java:101)
	at java.awt.EventDispatchThread.pumpEvents(EventDispatchThread.java:93)
	at java.awt.EventDispatchThread.run(EventDispatchThread.java:82)
Caused by: Exception [EclipseLink-4002] (Eclipse Persistence Services - 2.5.0.v20130507-3faac2b): org.eclipse.persistence.exceptions.DatabaseException
Internal Exception: com.mysql.jdbc.exceptions.jdbc4.MySQLSyntaxErrorException: Table 'eis_batik.svat' doesn't exist
Error Code: 1146
Call: SELECT serial_number, ending_month, issued_date, purchasing_amount, svat_amount, supplier_code FROM svat WHERE (issued_date BETWEEN ? AND ?)
	bind => [2 parameters bound]
Query: ReadAllQuery(name="Svat.findByDates" referenceClass=Svat sql="SELECT serial_number, ending_month, issued_date, purchasing_amount, svat_amount, supplier_code FROM svat WHERE (issued_date BETWEEN ? AND ?)")
	at org.eclipse.persistence.exceptions.DatabaseException.sqlException(DatabaseException.java:340)
	at org.eclipse.persistence.internal.databaseaccess.DatabaseAccessor.basicExecuteCall(DatabaseAccessor.java:679)
	at org.eclipse.persistence.internal.databaseaccess.DatabaseAccessor.executeCall(DatabaseAccessor.java:558)
	at org.eclipse.persistence.internal.sessions.AbstractSession.basicExecuteCall(AbstractSession.java:1995)
	at org.eclipse.persistence.sessions.server.ServerSession.executeCall(ServerSession.java:570)
	at org.eclipse.persistence.internal.queries.DatasourceCallQueryMechanism.executeCall(DatasourceCallQueryMechanism.java:242)
	at org.eclipse.persistence.internal.queries.DatasourceCallQueryMechanism.executeCall(DatasourceCallQueryMechanism.java:228)
	at org.eclipse.persistence.internal.queries.DatasourceCallQueryMechanism.executeSelectCall(DatasourceCallQueryMechanism.java:299)
	at org.eclipse.persistence.internal.queries.DatasourceCallQueryMechanism.selectAllRows(DatasourceCallQueryMechanism.java:694)
	at org.eclipse.persistence.internal.queries.ExpressionQueryMechanism.selectAllRowsFromTable(ExpressionQueryMechanism.java:2714)
	at org.eclipse.persistence.internal.queries.ExpressionQueryMechanism.selectAllRows(ExpressionQueryMechanism.java:2667)
	at org.eclipse.persistence.queries.ReadAllQuery.executeObjectLevelReadQuery(ReadAllQuery.java:477)
	at org.eclipse.persistence.queries.ObjectLevelReadQuery.executeDatabaseQuery(ObjectLevelReadQuery.java:1155)
	at org.eclipse.persistence.queries.DatabaseQuery.execute(DatabaseQuery.java:899)
	at org.eclipse.persistence.queries.ObjectLevelReadQuery.execute(ObjectLevelReadQuery.java:1114)
	at org.eclipse.persistence.queries.ReadAllQuery.execute(ReadAllQuery.java:402)
	at org.eclipse.persistence.queries.ObjectLevelReadQuery.executeInUnitOfWork(ObjectLevelReadQuery.java:1202)
	at org.eclipse.persistence.internal.sessions.UnitOfWorkImpl.internalExecuteQuery(UnitOfWorkImpl.java:2894)
	at org.eclipse.persistence.internal.sessions.AbstractSession.executeQuery(AbstractSession.java:1797)
	at org.eclipse.persistence.internal.sessions.AbstractSession.executeQuery(AbstractSession.java:1779)
	at org.eclipse.persistence.internal.sessions.AbstractSession.executeQuery(AbstractSession.java:1744)
	at org.eclipse.persistence.internal.jpa.QueryImpl.executeReadQuery(QueryImpl.java:258)
	... 86 more
Caused by: com.mysql.jdbc.exceptions.jdbc4.MySQLSyntaxErrorException: Table 'eis_batik.svat' doesn't exist
	at sun.reflect.NativeConstructorAccessorImpl.newInstance0(Native Method)
	at sun.reflect.NativeConstructorAccessorImpl.newInstance(NativeConstructorAccessorImpl.java:62)
	at sun.reflect.DelegatingConstructorAccessorImpl.newInstance(DelegatingConstructorAccessorImpl.java:45)
	at java.lang.reflect.Constructor.newInstance(Constructor.java:422)
	at com.mysql.jdbc.Util.handleNewInstance(Util.java:411)
	at com.mysql.jdbc.Util.getInstance(Util.java:386)
	at com.mysql.jdbc.SQLError.createSQLException(SQLError.java:1052)
	at com.mysql.jdbc.MysqlIO.checkErrorPacket(MysqlIO.java:3609)
	at com.mysql.jdbc.MysqlIO.checkErrorPacket(MysqlIO.java:3541)
	at com.mysql.jdbc.MysqlIO.sendCommand(MysqlIO.java:2002)
	at com.mysql.jdbc.MysqlIO.sqlQueryDirect(MysqlIO.java:2163)
	at com.mysql.jdbc.ConnectionImpl.execSQL(ConnectionImpl.java:2624)
	at com.mysql.jdbc.PreparedStatement.executeInternal(PreparedStatement.java:2127)
	at com.mysql.jdbc.PreparedStatement.executeQuery(PreparedStatement.java:2293)
	at org.eclipse.persistence.internal.databaseaccess.DatabaseAccessor.executeSelect(DatabaseAccessor.java:1002)
	at org.eclipse.persistence.internal.databaseaccess.DatabaseAccessor.basicExecuteCall(DatabaseAccessor.java:641)
	... 106 more

